********************************************************************************
product = WebSphere Application Server 8.5.5.4 (wlp-1.0.7.cl50420141211-1039)
wlp.install.dir = /home/impala/eclipse/jee-neon2/eclipse/configuration/org.eclipse.osgi/1093/0/.cp/resources/server_runtime/
server.config.dir = /home/impala/workspace/.metadata/.plugins/com.ibm.etools.wdt.server.core/tmp0/usr/servers/defaultServer0/
java.home = /usr/lib/jvm/java-8-openjdk-amd64/jre
java.version = 1.8.0_03-Ubuntu
java.runtime = OpenJDK Runtime Environment (1.8.0_03-Ubuntu-8u77-b03-3ubuntu3-b03)
os = Linux (4.4.0-21-generic; amd64) (en_US)
process = 15956@impala-HP-Compaq-8200-Elite-CMT-PC
********************************************************************************
[8/10/16 9:04:54:824 EAT] 00000001 com.ibm.ws.kernel.launch.internal.FrameworkManager           A CWWKE0001I: The server defaultServer0 has been launched.
[8/10/16 9:04:57:061 EAT] 00000001 com.ibm.ws.kernel.launch.internal.FrameworkManager           I CWWKE0002I: The kernel started after 3.407 seconds
[8/10/16 9:04:57:099 EAT] 00000017 com.ibm.ws.kernel.feature.internal.FeatureManager            I CWWKF0007I: Feature update started.
[8/10/16 9:04:58:189 EAT] 0000000f com.ibm.ws.app.manager.internal.monitor.DropinMonitor        A CWWKZ0058I: Monitoring dropins for applications. 
[8/10/16 9:04:58:256 EAT] 00000019 com.ibm.ws.tcpchannel.internal.TCPChannel                    I CWWKO0219I: TCP Channel defaultHttpEndpoint has been started and is now listening for requests on host *  (IPv6) port 13749.
[8/10/16 9:04:58:784 EAT] 00000021 com.ibm.ws.app.manager.AppMessageHelper                      I CWWKZ0018I: Starting application SMS.
[8/10/16 9:04:58:785 EAT] 00000020 com.ibm.ws.app.manager.AppMessageHelper                      I CWWKZ0018I: Starting application proxy.
[8/10/16 9:04:59:153 EAT] 00000021 com.ibm.ws.webcontainer.osgi.webapp.WebGroup                 I SRVE0169I: Loading Web Module: SMS.
[8/10/16 9:04:59:155 EAT] 00000021 com.ibm.ws.webcontainer                                      I SRVE0250I: Web Module SMS has been bound to default_host.
[8/10/16 9:04:59:156 EAT] 00000021 com.ibm.ws.http.internal.VirtualHostImpl                     A CWWKT0016I: Web application available (default_host): http://192.168.30.110:13749/SMS/
[8/10/16 9:04:59:158 EAT] 00000021 com.ibm.ws.app.manager.AppMessageHelper                      A CWWKZ0001I: Application SMS started in 0.375 seconds.
[8/10/16 9:04:59:254 EAT] 00000020 com.ibm.ws.webcontainer.osgi.webapp.WebGroup                 I SRVE0169I: Loading Web Module: Ajax Proxy for IBM WebSphere.
[8/10/16 9:04:59:254 EAT] 00000020 com.ibm.ws.webcontainer                                      I SRVE0250I: Web Module Ajax Proxy for IBM WebSphere has been bound to default_host.
[8/10/16 9:04:59:254 EAT] 00000020 com.ibm.ws.http.internal.VirtualHostImpl                     A CWWKT0016I: Web application available (default_host): http://192.168.30.110:13749/proxy/
[8/10/16 9:04:59:255 EAT] 00000020 com.ibm.ws.app.manager.AppMessageHelper                      A CWWKZ0001I: Application proxy started in 0.470 seconds.
[8/10/16 9:04:59:266 EAT] 00000017 com.ibm.ws.kernel.feature.internal.FeatureManager            A CWWKF0012I: The server installed the following features: [servlet-3.0, jsp-2.2, json-1.0, localConnector-1.0, jaxrs-1.1].
[8/10/16 9:04:59:266 EAT] 00000017 com.ibm.ws.kernel.feature.internal.FeatureManager            I CWWKF0008I: Feature update completed in 2.236 seconds.
[8/10/16 9:04:59:266 EAT] 00000017 com.ibm.ws.kernel.feature.internal.FeatureManager            A CWWKF0011I: The server defaultServer0 is ready to run a smarter planet.
[8/10/16 9:05:02:415 EAT] 00000023 com.ibm.ws.session.WASSessionCore                            I SESN8501I: The session manager did not find a persistent storage location; HttpSession objects will be stored in the local application server's memory.
[8/10/16 9:05:02:419 EAT] 00000023 com.ibm.ws.session.WASSessionCore                            I SESN0176I: A new session context will be created for application key default_host/SMS
[8/10/16 9:05:02:429 EAT] 00000023 com.ibm.ws.util                                              I SESN0172I: The session manager is using the Java default SecureRandom implementation for session ID generation.
[8/10/16 9:05:37:485 EAT] 00000029 com.ibm.ws.webcontainer.servlet                              I SRVE0242I: [SMS] [/SMS] [/index.jsp]: Initialization successful.
[8/10/16 9:06:14:951 EAT] 0000002b com.ibm.ws.webcontainer.servlet                              I SRVE0253I: [SMS] [/SMS] [/index.jsp]: Destroy successful.
[8/10/16 9:06:14:955 EAT] 0000002b com.ibm.ws.webcontainer.servlet                              I SRVE0242I: [SMS] [/SMS] [/index.jsp]: Initialization successful.
[8/10/16 9:09:22:426 EAT] 0000002d com.ibm.ws.session.WASSessionCore                            I SESN0176I: A new session context will be created for application key default_host/proxy
[8/10/16 9:09:22:426 EAT] 0000002d com.ibm.ws.util                                              I SESN0172I: The session manager is using the Java default SecureRandom implementation for session ID generation.
[8/10/16 9:09:22:756 EAT] 00000021 com.ibm.ws.ajaxproxy.servlet.ProxyServlet                    I CWXJX0600W: The Ajax proxy has been enabled to support unsigned Secure Sockets Layer (SSL) certificates. 
[8/10/16 9:09:22:763 EAT] 00000021 com.ibm.ws.webcontainer.servlet                              I SRVE0242I: [proxy] [/proxy] [ProxyServlet]: Initialization successful.
[8/10/16 9:12:28:320 EAT] 00000015 com.ibm.ws.config.xml.internal.ConfigRefresher               A CWWKG0016I: Starting server configuration update.
[8/10/16 9:12:28:354 EAT] 00000030 com.ibm.ws.config.xml.internal.ConfigRefresher               A CWWKG0017I: The server configuration was successfully updated in 0.035 seconds.
[8/10/16 9:12:28:364 EAT] 00000025 com.ibm.ws.http.internal.VirtualHostImpl                     A CWWKT0017I: Web application removed (default_host): http://192.168.30.110:13749/SMS/
[8/10/16 9:12:28:369 EAT] 00000025 com.ibm.ws.webcontainer.servlet                              I SRVE0253I: [SMS] [/SMS] [/index.jsp]: Destroy successful.
[8/10/16 9:12:28:395 EAT] 00000025 com.ibm.ws.app.manager.AppMessageHelper                      A CWWKZ0009I: The application SMS has stopped successfully.
[8/10/16 10:36:22:377 EAT] 0000000d com.ibm.ws.kernel.launch.internal.FrameworkManager           A CWWKE0085I: The server defaultServer0 is stopping because the JVM is exiting.
[8/10/16 10:36:25:040 EAT] 00000037 com.ibm.ws.http.internal.VirtualHostImpl                     A CWWKT0017I: Web application removed (default_host): http://192.168.30.110:13749/proxy/
[8/10/16 10:36:25:828 EAT] 00000037 com.ibm.ws.app.manager.AppMessageHelper                      A CWWKZ0009I: The application proxy has stopped successfully.
[8/10/16 10:36:29:311 EAT] 00000039 com.ibm.ws.tcpchannel.internal.TCPChannel                    I CWWKO0220I: TCP Channel defaultHttpEndpoint has stopped listening for requests on host *  (IPv6) port 13749.
[8/10/16 10:36:31:165 EAT] 00000001 com.ibm.ws.kernel.launch.internal.FrameworkManager           A CWWKE0036I: The server defaultServer0 stopped after 1 hours, 31 minutes, 37.542 seconds.
